<?xml version="1.0" encoding="UTF-8"?>
<testng-results ignored="0" total="2" passed="2" failed="0" skipped="0">
  <reporter-output>
  </reporter-output>
  <suite started-at="2023-08-06T22:11:43 IST" name="Default suite" finished-at="2023-08-06T22:11:54 IST" duration-ms="11402">
    <groups>
    </groups>
    <test started-at="2023-08-06T22:11:43 IST" name="Default test" finished-at="2023-08-06T22:11:54 IST" duration-ms="11402">
      <class name="Herokuapp.Tests.BookAppointment">
        <test-method signature="bookAppointment()[pri:0, instance:Herokuapp.Tests.BookAppointment@5be46f9d]" started-at="2023-08-06T22:11:43 IST" name="bookAppointment" finished-at="2023-08-06T22:11:54 IST" duration-ms="10483" status="PASS">
          <reporter-output>
          </reporter-output>
        </test-method> <!-- bookAppointment -->
        <test-method signature="goToHomePage()[pri:0, instance:Herokuapp.Tests.BookAppointment@5be46f9d]" started-at="2023-08-06T22:11:54 IST" name="goToHomePage" finished-at="2023-08-06T22:11:54 IST" depends-on-methods="bookAppointment()" duration-ms="598" status="PASS">
          <reporter-output>
          </reporter-output>
        </test-method> <!-- goToHomePage -->
      </class> <!-- Herokuapp.Tests.BookAppointment -->
    </test> <!-- Default test -->
  </suite> <!-- Default suite -->
</testng-results>
